<?xml version="1.0" encoding="UTF-8"?>
<testsuite xmlns:xsi="http://www.w3.org/2001/XMLSchema-instance" xsi:noNamespaceSchemaLocation="https://maven.apache.org/surefire/maven-surefire-plugin/xsd/surefire-test-report-3.0.xsd" version="3.0" name="com.example.cardapio.CardapioApplicationTests" time="49.124" tests="1" errors="0" skipped="0" failures="0">
  <properties>
[...]
</properties>
  <testcase name="contextLoads" classname="com.example.cardapio.CardapioApplicationTests" time="15.823">
    <system-out><![CDATA[10:21:43.169 [main] INFO org.springframework.test.context.support.AnnotationConfigContextLoaderUtils -- Could not detect default configuration classes for test class [com.example.cardapio.CardapioApplicationTests]: CardapioApplicationTests does not declare any static, non-private, non-final, nested classes annotated with @Configuration.
10:21:44.362 [main] INFO org.springframework.boot.test.context.SpringBootTestContextBootstrapper -- Found @SpringBootConfiguration com.example.cardapio.CardapioApplication for test class com.example.cardapio.CardapioApplicationTests

  .   ____          _            __ _ _
 /\\ / ___'_ __ _ _(_)_ __  __ _ \ \ \ \
( ( )\___ | '_ | '_| | '_ \/ _` | \ \ \ \
 \\/  ___)| |_)| | | | | || (_| |  ) ) ) )
  '  |____| .__|_| |_|_| |_\__, | / / / /
 =========|_|==============|___/=/_/_/_/
 :: Spring Boot ::                (v3.1.4)

2023-10-06T10:21:52.312-03:00  INFO 6952 --- [           main] c.e.cardapio.CardapioApplicationTests    : Starting CardapioApplicationTests using Java 20.0.2 with PID 6952 (started by zandr in C:\Users\zandr\OneDrive\Área de Trabalho\cardapio\cardapio)
2023-10-06T10:21:52.318-03:00  INFO 6952 --- [           main] c.e.cardapio.CardapioApplicationTests    : No active profile set, falling back to 1 default profile: "default"
2023-10-06T10:22:12.241-03:00  WARN 6952 --- [           main] .s.s.UserDetailsServiceAutoConfiguration : 

Using generated security password: 2f33f60b-04ea-4e81-8d59-b94bd51ad31c

This generated password is for development use only. Your security configuration must be updated before running your application in production.

2023-10-06T10:22:13.410-03:00  INFO 6952 --- [           main] o.s.s.web.DefaultSecurityFilterChain     : Will secure any request with [org.springframework.security.web.session.DisableEncodeUrlFilter@3fcee3d9, org.springframework.security.web.context.request.async.WebAsyncManagerIntegrationFilter@9c93d16, org.springframework.security.web.context.SecurityContextHolderFilter@626c19cf, org.springframework.security.web.header.HeaderWriterFilter@415ef4d8, org.springframework.security.web.csrf.CsrfFilter@2ceca2ef, org.springframework.security.web.authentication.logout.LogoutFilter@7a6ea47d, org.springframework.security.web.authentication.UsernamePasswordAuthenticationFilter@5f34907b, org.springframework.security.web.authentication.ui.DefaultLoginPageGeneratingFilter@629984eb, org.springframework.security.web.authentication.ui.DefaultLogoutPageGeneratingFilter@760487aa, org.springframework.security.web.authentication.www.BasicAuthenticationFilter@ef718de, org.springframework.security.web.savedrequest.RequestCacheAwareFilter@66a53104, org.springframework.security.web.servletapi.SecurityContextHolderAwareRequestFilter@62cba181, org.springframework.security.web.authentication.AnonymousAuthenticationFilter@1526f71, org.springframework.security.web.access.ExceptionTranslationFilter@733ec58b, org.springframework.security.web.access.intercept.AuthorizationFilter@3d299393]
2023-10-06T10:22:13.878-03:00  INFO 6952 --- [           main] c.e.cardapio.CardapioApplicationTests    : Started CardapioApplicationTests in 26.483 seconds (process running for 37.819)
]]></system-out>
  </testcase>
</testsuite>